This file contains any messages produced by compilers while
running configure, to aid debugging if configure makes a mistake.

It was created by configure, which was
generated by GNU Autoconf 2.69.  Invocation command line was

  $ ./configure --disable-option-checking --prefix=/usr/local --enable-natvie-gtk3ui --enable-debug --cache-file=/dev/null --srcdir=.

## --------- ##
## Platform. ##
## --------- ##

hostname = test-pc
uname -m = x86_64
uname -r = 5.3.0-18-generic
uname -s = Linux
uname -v = #19-Ubuntu SMP Tue Oct 8 20:14:06 UTC 2019

/usr/bin/uname -p = x86_64
/bin/uname -X     = unknown

/bin/arch              = x86_64
/usr/bin/arch -k       = unknown
/usr/convex/getsysinfo = unknown
/usr/bin/hostinfo      = unknown
/bin/machine           = unknown
/usr/bin/oslevel       = unknown
/bin/universe          = unknown

PATH: /usr/local/sbin
PATH: /usr/local/bin
PATH: /usr/sbin
PATH: /usr/bin
PATH: /sbin
PATH: /bin
PATH: /usr/games
PATH: /usr/local/games
PATH: /snap/bin


## ----------- ##
## Core tests. ##
## ----------- ##

configure:2195: checking for a BSD-compatible install
configure:2263: result: /usr/bin/install -c
configure:2274: checking whether build environment is sane
configure:2329: result: yes
configure:2478: checking for a thread-safe mkdir -p
configure:2517: result: /usr/bin/mkdir -p
configure:2524: checking for gawk
configure:2554: result: no
configure:2524: checking for mawk
configure:2540: found /usr/bin/mawk
configure:2551: result: mawk
configure:2562: checking whether make sets $(MAKE)
configure:2584: result: yes
configure:2613: checking whether make supports nested variables
configure:2630: result: yes
configure:2770: checking build system type
configure:2784: result: x86_64-pc-linux-gnu
configure:2804: checking host system type
configure:2817: result: x86_64-pc-linux-gnu
configure:2927: checking for g++
configure:2943: found /usr/bin/g++
configure:2954: result: g++
configure:2981: checking for C++ compiler version
configure:2990: g++ --version >&5
g++ (Ubuntu 9.2.1-9ubuntu2) 9.2.1 20191008
Copyright (C) 2019 Free Software Foundation, Inc.
This is free software; see the source for copying conditions.  There is NO
warranty; not even for MERCHANTABILITY or FITNESS FOR A PARTICULAR PURPOSE.

configure:3001: $? = 0
configure:2990: g++ -v >&5
Using built-in specs.
COLLECT_GCC=g++
COLLECT_LTO_WRAPPER=/usr/lib/gcc/x86_64-linux-gnu/9/lto-wrapper
OFFLOAD_TARGET_NAMES=nvptx-none:hsa
OFFLOAD_TARGET_DEFAULT=1
Target: x86_64-linux-gnu
Configured with: ../src/configure -v --with-pkgversion='Ubuntu 9.2.1-9ubuntu2' --with-bugurl=file:///usr/share/doc/gcc-9/README.Bugs --enable-languages=c,ada,c++,go,brig,d,fortran,objc,obj-c++,gm2 --prefix=/usr --with-gcc-major-version-only --program-suffix=-9 --program-prefix=x86_64-linux-gnu- --enable-shared --enable-linker-build-id --libexecdir=/usr/lib --without-included-gettext --enable-threads=posix --libdir=/usr/lib --enable-nls --enable-bootstrap --enable-clocale=gnu --enable-libstdcxx-debug --enable-libstdcxx-time=yes --with-default-libstdcxx-abi=new --enable-gnu-unique-object --disable-vtable-verify --enable-plugin --enable-default-pie --with-system-zlib --with-target-system-zlib=auto --enable-multiarch --disable-werror --with-arch-32=i686 --with-abi=m64 --with-multilib-list=m32,m64,mx32 --enable-multilib --with-tune=generic --enable-offload-targets=nvptx-none,hsa --without-cuda-driver --enable-checking=release --build=x86_64-linux-gnu --host=x86_64-linux-gnu --target=x86_64-linux-gnu
Thread model: posix
gcc version 9.2.1 20191008 (Ubuntu 9.2.1-9ubuntu2) 
configure:3001: $? = 0
configure:2990: g++ -V >&5
g++: error: unrecognized command line option '-V'
g++: fatal error: no input files
compilation terminated.
configure:3001: $? = 1
configure:2990: g++ -qversion >&5
g++: error: unrecognized command line option '-qversion'; did you mean '--version'?
g++: fatal error: no input files
compilation terminated.
configure:3001: $? = 1
configure:3021: checking whether the C++ compiler works
configure:3043: g++    conftest.cpp  >&5
configure:3047: $? = 0
configure:3095: result: yes
configure:3098: checking for C++ compiler default output file name
configure:3100: result: a.out
configure:3106: checking for suffix of executables
configure:3113: g++ -o conftest    conftest.cpp  >&5
configure:3117: $? = 0
configure:3139: result: 
configure:3161: checking whether we are cross compiling
configure:3169: g++ -o conftest    conftest.cpp  >&5
configure:3173: $? = 0
configure:3180: ./conftest
configure:3184: $? = 0
configure:3172: result: no
configure:3177: checking for suffix of object files
configure:3199: g++ -c   conftest.cpp >&5
configure:3203: $? = 0
configure:3224: result: o
configure:3228: checking whether we are using the GNU C++ compiler
configure:3247: g++ -c   conftest.cpp >&5
configure:3247: $? = 0
configure:3256: result: yes
configure:3265: checking whether g++ accepts -g
configure:3285: g++ -c -g  conftest.cpp >&5
configure:3285: $? = 0
configure:3326: result: yes
configure:3352: checking whether make supports the include directive
configure:3367: make -f confmf.GNU && cat confinc.out
this is the am__doit target
configure:3370: $? = 0
configure:3389: result: yes (GNU style)
configure:3414: checking dependency style of g++
configure:3525: result: gcc3
configure:3544: checking whether the C++ compiler (g++ -g -Wall -O2 -funroll-loops -fomit-frame-pointer -fno-exceptions ) works
configure:3558: g++ -c -g -Wall -O2 -funroll-loops -fomit-frame-pointer -fno-exceptions  conftest.cpp >&5
conftest.cpp: In function 'int main()':
conftest.cpp:15:5: warning: unused variable 'test' [-Wunused-variable]
   15 | int test;
      |     ^~~~
configure:3558: $? = 0
configure:3559: result: yes
configure:3581: checking for ar
configure:3597: found /usr/bin/ar
configure:3609: result: ar
configure:3660: checking for ranlib
configure:3676: found /usr/bin/ranlib
configure:3687: result: ranlib
configure:3719: checking how to run the C++ preprocessor
configure:3746: g++ -E  conftest.cpp
configure:3746: $? = 0
configure:3760: g++ -E  conftest.cpp
conftest.cpp:11:10: fatal error: ac_nonexistent.h: No such file or directory
   11 | #include <ac_nonexistent.h>
      |          ^~~~~~~~~~~~~~~~~~
compilation terminated.
configure:3760: $? = 1
configure: failed program was:
| /* confdefs.h */
| #define PACKAGE_NAME ""
| #define PACKAGE_TARNAME ""
| #define PACKAGE_VERSION ""
| #define PACKAGE_STRING ""
| #define PACKAGE_BUGREPORT ""
| #define PACKAGE_URL ""
| #define PACKAGE "resid"
| #define VERSION "0.16vice"
| /* end confdefs.h.  */
| #include <ac_nonexistent.h>
configure:3785: result: g++ -E
configure:3805: g++ -E  conftest.cpp
configure:3805: $? = 0
configure:3819: g++ -E  conftest.cpp
conftest.cpp:11:10: fatal error: ac_nonexistent.h: No such file or directory
   11 | #include <ac_nonexistent.h>
      |          ^~~~~~~~~~~~~~~~~~
compilation terminated.
configure:3819: $? = 1
configure: failed program was:
| /* confdefs.h */
| #define PACKAGE_NAME ""
| #define PACKAGE_TARNAME ""
| #define PACKAGE_VERSION ""
| #define PACKAGE_STRING ""
| #define PACKAGE_BUGREPORT ""
| #define PACKAGE_URL ""
| #define PACKAGE "resid"
| #define VERSION "0.16vice"
| /* end confdefs.h.  */
| #include <ac_nonexistent.h>
configure:3848: checking for grep that handles long lines and -e
configure:3906: result: /usr/bin/grep
configure:3911: checking for egrep
configure:3973: result: /usr/bin/grep -E
configure:3978: checking for ANSI C header files
configure:3998: g++ -c -g -Wall -O2 -funroll-loops -fomit-frame-pointer -fno-exceptions  conftest.cpp >&5
configure:3998: $? = 0
configure:4071: g++ -o conftest -g -Wall -O2 -funroll-loops -fomit-frame-pointer -fno-exceptions   conftest.cpp  >&5
configure:4071: $? = 0
configure:4071: ./conftest
configure:4071: $? = 0
configure:4082: result: yes
configure:4095: checking for sys/types.h
configure:4095: g++ -c -g -Wall -O2 -funroll-loops -fomit-frame-pointer -fno-exceptions  conftest.cpp >&5
configure:4095: $? = 0
configure:4095: result: yes
configure:4095: checking for sys/stat.h
configure:4095: g++ -c -g -Wall -O2 -funroll-loops -fomit-frame-pointer -fno-exceptions  conftest.cpp >&5
configure:4095: $? = 0
configure:4095: result: yes
configure:4095: checking for stdlib.h
configure:4095: g++ -c -g -Wall -O2 -funroll-loops -fomit-frame-pointer -fno-exceptions  conftest.cpp >&5
configure:4095: $? = 0
configure:4095: result: yes
configure:4095: checking for string.h
configure:4095: g++ -c -g -Wall -O2 -funroll-loops -fomit-frame-pointer -fno-exceptions  conftest.cpp >&5
configure:4095: $? = 0
configure:4095: result: yes
configure:4095: checking for memory.h
configure:4095: g++ -c -g -Wall -O2 -funroll-loops -fomit-frame-pointer -fno-exceptions  conftest.cpp >&5
configure:4095: $? = 0
configure:4095: result: yes
configure:4095: checking for strings.h
configure:4095: g++ -c -g -Wall -O2 -funroll-loops -fomit-frame-pointer -fno-exceptions  conftest.cpp >&5
configure:4095: $? = 0
configure:4095: result: yes
configure:4095: checking for inttypes.h
configure:4095: g++ -c -g -Wall -O2 -funroll-loops -fomit-frame-pointer -fno-exceptions  conftest.cpp >&5
configure:4095: $? = 0
configure:4095: result: yes
configure:4095: checking for stdint.h
configure:4095: g++ -c -g -Wall -O2 -funroll-loops -fomit-frame-pointer -fno-exceptions  conftest.cpp >&5
configure:4095: $? = 0
configure:4095: result: yes
configure:4095: checking for unistd.h
configure:4095: g++ -c -g -Wall -O2 -funroll-loops -fomit-frame-pointer -fno-exceptions  conftest.cpp >&5
configure:4095: $? = 0
configure:4095: result: yes
configure:4111: checking size of int
configure:4116: g++ -o conftest -g -Wall -O2 -funroll-loops -fomit-frame-pointer -fno-exceptions   conftest.cpp  >&5
configure:4116: $? = 0
configure:4116: ./conftest
configure:4116: $? = 0
configure:4130: result: 4
configure:4145: checking for working bool
configure:4163: g++ -c -g -Wall -O2 -funroll-loops -fomit-frame-pointer -fno-exceptions  conftest.cpp >&5
conftest.cpp: In function 'int main()':
conftest.cpp:27:6: warning: unused variable 'flag' [-Wunused-variable]
   27 | bool flag;
      |      ^~~~
configure:4163: $? = 0
configure:4170: result: yes
configure:4181: checking if the mmintrin.h include can be used
configure:4194: g++ -c -g -Wall -O2 -funroll-loops -fomit-frame-pointer -fno-exceptions  conftest.cpp >&5
conftest.cpp: In function 'int main()':
conftest.cpp:26:5: warning: unused variable 'test' [-Wunused-variable]
   26 | int test;
      |     ^~~~
configure:4194: $? = 0
configure:4195: result: yes
configure:4380: checking that generated files are newer than configure
configure:4386: result: done
configure:4409: creating ./config.status

## ---------------------- ##
## Running config.status. ##
## ---------------------- ##

This file was extended by config.status, which was
generated by GNU Autoconf 2.69.  Invocation command line was

  CONFIG_FILES    = 
  CONFIG_HEADERS  = 
  CONFIG_LINKS    = 
  CONFIG_COMMANDS = 
  $ ./config.status 

on test-pc

config.status:789: creating Makefile
config.status:789: creating siddtvdefs.h
config.status:961: executing depfiles commands
config.status:1038: cd .       && sed -e '/# am--include-marker/d' Makefile         | make -f - am--depfiles
make: Nothing to be done for 'am--depfiles'.
config.status:1043: $? = 0

## ---------------- ##
## Cache variables. ##
## ---------------- ##

ac_cv_build=x86_64-pc-linux-gnu
ac_cv_cxx_bool=yes
ac_cv_cxx_compiler_gnu=yes
ac_cv_env_CCC_set=
ac_cv_env_CCC_value=
ac_cv_env_CPPFLAGS_set=
ac_cv_env_CPPFLAGS_value=
ac_cv_env_CXXCPP_set=
ac_cv_env_CXXCPP_value=
ac_cv_env_CXXFLAGS_set=
ac_cv_env_CXXFLAGS_value=
ac_cv_env_CXX_set=
ac_cv_env_CXX_value=
ac_cv_env_LDFLAGS_set=
ac_cv_env_LDFLAGS_value=
ac_cv_env_LIBS_set=
ac_cv_env_LIBS_value=
ac_cv_env_build_alias_set=
ac_cv_env_build_alias_value=
ac_cv_env_host_alias_set=
ac_cv_env_host_alias_value=
ac_cv_env_target_alias_set=
ac_cv_env_target_alias_value=
ac_cv_header_inttypes_h=yes
ac_cv_header_memory_h=yes
ac_cv_header_stdc=yes
ac_cv_header_stdint_h=yes
ac_cv_header_stdlib_h=yes
ac_cv_header_string_h=yes
ac_cv_header_strings_h=yes
ac_cv_header_sys_stat_h=yes
ac_cv_header_sys_types_h=yes
ac_cv_header_unistd_h=yes
ac_cv_host=x86_64-pc-linux-gnu
ac_cv_objext=o
ac_cv_path_EGREP='/usr/bin/grep -E'
ac_cv_path_GREP=/usr/bin/grep
ac_cv_path_install='/usr/bin/install -c'
ac_cv_path_mkdir=/usr/bin/mkdir
ac_cv_prog_AR=ar
ac_cv_prog_AWK=mawk
ac_cv_prog_CXXCPP='g++ -E'
ac_cv_prog_ac_ct_CXX=g++
ac_cv_prog_ac_ct_RANLIB=ranlib
ac_cv_prog_cxx_g=yes
ac_cv_prog_make_make_set=yes
ac_cv_sizeof_int=4
am_cv_CXX_dependencies_compiler_type=gcc3
am_cv_make_support_nested_variables=yes

## ----------------- ##
## Output variables. ##
## ----------------- ##

ACLOCAL='${SHELL} /home/test/Documents/vice-emu-code/trunk/vice/missing aclocal-1.16'
AMDEPBACKSLASH='\'
AMDEP_FALSE='#'
AMDEP_TRUE=''
AMTAR='$${TAR-tar}'
AM_BACKSLASH='\'
AM_DEFAULT_V='$(AM_DEFAULT_VERBOSITY)'
AM_DEFAULT_VERBOSITY='1'
AM_V='$(V)'
AR='ar'
AUTOCONF='${SHELL} /home/test/Documents/vice-emu-code/trunk/vice/missing autoconf'
AUTOHEADER='${SHELL} /home/test/Documents/vice-emu-code/trunk/vice/missing autoheader'
AUTOMAKE='${SHELL} /home/test/Documents/vice-emu-code/trunk/vice/missing automake-1.16'
AWK='mawk'
CPPFLAGS=''
CXX='g++'
CXXCPP='g++ -E'
CXXDEPMODE='depmode=gcc3'
CXXFLAGS='-g -Wall -O2 -funroll-loops -fomit-frame-pointer -fno-exceptions'
CYGPATH_W='echo'
DEFS='-DPACKAGE_NAME=\"\" -DPACKAGE_TARNAME=\"\" -DPACKAGE_VERSION=\"\" -DPACKAGE_STRING=\"\" -DPACKAGE_BUGREPORT=\"\" -DPACKAGE_URL=\"\" -DPACKAGE=\"resid\" -DVERSION=\"0.16vice\" -DSTDC_HEADERS=1 -DHAVE_SYS_TYPES_H=1 -DHAVE_SYS_STAT_H=1 -DHAVE_STDLIB_H=1 -DHAVE_STRING_H=1 -DHAVE_MEMORY_H=1 -DHAVE_STRINGS_H=1 -DHAVE_INTTYPES_H=1 -DHAVE_STDINT_H=1 -DHAVE_UNISTD_H=1 -DSIZEOF_INT=4'
DEPDIR='.deps'
ECHO_C=''
ECHO_N='-n'
ECHO_T=''
EGREP='/usr/bin/grep -E'
EXEEXT=''
GREP='/usr/bin/grep'
HAVE_MMINTRIN_H='1'
INSTALL_DATA='${INSTALL} -m 644'
INSTALL_PROGRAM='${INSTALL}'
INSTALL_SCRIPT='${INSTALL}'
INSTALL_STRIP_PROGRAM='$(install_sh) -c -s'
LDFLAGS=''
LIBOBJS=''
LIBS=''
LTLIBOBJS=''
MAKEINFO='${SHELL} /home/test/Documents/vice-emu-code/trunk/vice/missing makeinfo'
MKDIR_P='/usr/bin/mkdir -p'
NEW_8580_FILTER='0'
OBJEXT='o'
PACKAGE='resid'
PACKAGE_BUGREPORT=''
PACKAGE_NAME=''
PACKAGE_STRING=''
PACKAGE_TARNAME=''
PACKAGE_URL=''
PACKAGE_VERSION=''
PATH_SEPARATOR=':'
RANLIB='ranlib'
RESID_HAVE_BOOL='1'
RESID_INLINE='inline'
RESID_INLINING='1'
SET_MAKE=''
SHELL='/bin/bash'
STRIP=''
VERSION='0.16vice'
ac_ct_CXX='g++'
am__EXEEXT_FALSE=''
am__EXEEXT_TRUE='#'
am__fastdepCXX_FALSE='#'
am__fastdepCXX_TRUE=''
am__include='include'
am__isrc=''
am__leading_dot='.'
am__nodep='_no'
am__quote=''
am__tar='$${TAR-tar} chof - "$$tardir"'
am__untar='$${TAR-tar} xf -'
bindir='${exec_prefix}/bin'
build='x86_64-pc-linux-gnu'
build_alias=''
build_cpu='x86_64'
build_os='linux-gnu'
build_vendor='pc'
datadir='${datarootdir}'
datarootdir='${prefix}/share'
docdir='${datarootdir}/doc/${PACKAGE}'
dvidir='${docdir}'
exec_prefix='${prefix}'
host='x86_64-pc-linux-gnu'
host_alias=''
host_cpu='x86_64'
host_os='linux-gnu'
host_vendor='pc'
htmldir='${docdir}'
includedir='${prefix}/include'
infodir='${datarootdir}/info'
install_sh='${SHELL} /home/test/Documents/vice-emu-code/trunk/vice/install-sh'
libdir='${exec_prefix}/lib'
libexecdir='${exec_prefix}/libexec'
localedir='${datarootdir}/locale'
localstatedir='${prefix}/var'
mandir='${datarootdir}/man'
mkdir_p='$(MKDIR_P)'
oldincludedir='/usr/include'
pdfdir='${docdir}'
prefix='/usr/local'
program_transform_name='s,x,x,'
psdir='${docdir}'
runstatedir='${localstatedir}/run'
sbindir='${exec_prefix}/sbin'
sharedstatedir='${prefix}/com'
sysconfdir='${prefix}/etc'
target_alias=''

## ----------- ##
## confdefs.h. ##
## ----------- ##

/* confdefs.h */
#define PACKAGE_NAME ""
#define PACKAGE_TARNAME ""
#define PACKAGE_VERSION ""
#define PACKAGE_STRING ""
#define PACKAGE_BUGREPORT ""
#define PACKAGE_URL ""
#define PACKAGE "resid"
#define VERSION "0.16vice"
#define STDC_HEADERS 1
#define HAVE_SYS_TYPES_H 1
#define HAVE_SYS_STAT_H 1
#define HAVE_STDLIB_H 1
#define HAVE_STRING_H 1
#define HAVE_MEMORY_H 1
#define HAVE_STRINGS_H 1
#define HAVE_INTTYPES_H 1
#define HAVE_STDINT_H 1
#define HAVE_UNISTD_H 1
#define SIZEOF_INT 4

configure: exit 0
